This is pdfTeX, Version 3.1415926-2.5-1.40.14 (TeX Live 2013) (format=pdfetex 2014.2.1)  5 OCT 2014 23:26
entering extended mode
 restricted \write18 enabled.
 file:line:error style messages enabled.
 %&-line parsing enabled.
**\nonstopmode \input /Users/Moritz/github/regmods_project/MPG-Transmission.md
(/Users/Moritz/github/regmods_project/MPG-Transmission.md
Overfull \hbox (14.69992pt too wide) in paragraph at lines 1--3
[]\tenrm Fuel vs. trans-mis-sion: weight mat-ters! ============================
========== |

\hbox(6.94444+1.94444)x469.75499, glue set - 1.0
.\hbox(0.0+0.0)x20.0
.\tenrm F
.\kern-0.83334
.\tenrm u
.\tenrm e
.etc.

/Users/Moritz/github/regmods_project/MPG-Transmission.md:34: Missing $ inserted
.
<inserted text> 
                $
<to be read again> 
                   \par 
l.34 
     
I've inserted a begin-math/end-math symbol since I think
you left one out. Proceed, with fingers crossed.

/Users/Moritz/github/regmods_project/MPG-Transmission.md:36: You can't use `mac
ro parameter character #' in horizontal mode.
l.36 #
      #   Estimate Std. Error    t value   Pr(>|t|)
Sorry, but I'm not programmed to handle this case;
I'll just pretend that you didn't ask for it.
If you're in the wrong mode, you might be able to
return to the right one by typing `I}' or `I$' or `I\par'.

/Users/Moritz/github/regmods_project/MPG-Transmission.md:36: You can't use `mac
ro parameter character #' in horizontal mode.
l.36 ##
          Estimate Std. Error    t value   Pr(>|t|)
Sorry, but I'm not programmed to handle this case;
I'll just pretend that you didn't ask for it.
If you're in the wrong mode, you might be able to
return to the right one by typing `I}' or `I$' or `I\par'.

/Users/Moritz/github/regmods_project/MPG-Transmission.md:37: You can't use `mac
ro parameter character #' in horizontal mode.
l.37 #
      #   7.244939   1.764422   4.106127   0.000285
Sorry, but I'm not programmed to handle this case;
I'll just pretend that you didn't ask for it.
If you're in the wrong mode, you might be able to
return to the right one by typing `I}' or `I$' or `I\par'.

/Users/Moritz/github/regmods_project/MPG-Transmission.md:37: You can't use `mac
ro parameter character #' in horizontal mode.
l.37 ##
          7.244939   1.764422   4.106127   0.000285
Sorry, but I'm not programmed to handle this case;
I'll just pretend that you didn't ask for it.
If you're in the wrong mode, you might be able to
return to the right one by typing `I}' or `I$' or `I\par'.

/Users/Moritz/github/regmods_project/MPG-Transmission.md:51: Missing $ inserted
.
<inserted text> 
                $
<to be read again> 
                   \par 
l.51 
     
I've inserted a begin-math/end-math symbol since I think
you left one out. Proceed, with fingers crossed.

/Users/Moritz/github/regmods_project/MPG-Transmission.md:53: You can't use `mac
ro parameter character #' in horizontal mode.
l.53 #
      # [1] 5.071e-09 5.464e-04
Sorry, but I'm not programmed to handle this case;
I'll just pretend that you didn't ask for it.
If you're in the wrong mode, you might be able to
return to the right one by typing `I}' or `I$' or `I\par'.

/Users/Moritz/github/regmods_project/MPG-Transmission.md:53: You can't use `mac
ro parameter character #' in horizontal mode.
l.53 ##
        [1] 5.071e-09 5.464e-04
Sorry, but I'm not programmed to handle this case;
I'll just pretend that you didn't ask for it.
If you're in the wrong mode, you might be able to
return to the right one by typing `I}' or `I$' or `I\par'.

/Users/Moritz/github/regmods_project/MPG-Transmission.md:68: You can't use `mac
ro parameter character #' in horizontal mode.
l.68 #
      #      [,1]   [,2]
Sorry, but I'm not programmed to handle this case;
I'll just pretend that you didn't ask for it.
If you're in the wrong mode, you might be able to
return to the right one by typing `I}' or `I$' or `I\par'.

/Users/Moritz/github/regmods_project/MPG-Transmission.md:68: You can't use `mac
ro parameter character #' in horizontal mode.
l.68 ##
             [,1]   [,2]
Sorry, but I'm not programmed to handle this case;
I'll just pretend that you didn't ask for it.
If you're in the wrong mode, you might be able to
return to the right one by typing `I}' or `I$' or `I\par'.

/Users/Moritz/github/regmods_project/MPG-Transmission.md:69: You can't use `mac
ro parameter character #' in horizontal mode.
l.69 #
      # [1,]  0.1 0.8122
Sorry, but I'm not programmed to handle this case;
I'll just pretend that you didn't ask for it.
If you're in the wrong mode, you might be able to
return to the right one by typing `I}' or `I$' or `I\par'.

/Users/Moritz/github/regmods_project/MPG-Transmission.md:69: You can't use `mac
ro parameter character #' in horizontal mode.
l.69 ##
        [1,]  0.1 0.8122
Sorry, but I'm not programmed to handle this case;
I'll just pretend that you didn't ask for it.
If you're in the wrong mode, you might be able to
return to the right one by typing `I}' or `I$' or `I\par'.

/Users/Moritz/github/regmods_project/MPG-Transmission.md:73: Missing $ inserted
.
<inserted text> 
                $
<to be read again> 
                   _
l.73 ...d horsepower as confounders however does _
                                                  _not__ show any significan...
I've inserted a begin-math/end-math symbol since I think
you left one out. Proceed, with fingers crossed.

/Users/Moritz/github/regmods_project/MPG-Transmission.md:73: Missing { inserted
.
<to be read again> 
                   _
l.73 ... horsepower as confounders however does __
                                                  not__ show any significant...
A left brace was mandatory here, so I've put one in.
You might want to delete and/or insert some corrections
so that I will find a matching right brace soon.
(If you're confused by all this, try typing `I}' now.)

/Users/Moritz/github/regmods_project/MPG-Transmission.md:73: Missing { inserted
.
<to be read again> 
                   _
l.73 ...epower as confounders however does __not__
                                                   show any significant rela...
A left brace was mandatory here, so I've put one in.
You might want to delete and/or insert some corrections
so that I will find a matching right brace soon.
(If you're confused by all this, try typing `I}' now.)

/Users/Moritz/github/regmods_project/MPG-Transmission.md:74: Missing $ inserted
.
<inserted text> 
                $
<to be read again> 
                   \par 
l.74 
     
I've inserted a begin-math/end-math symbol since I think
you left one out. Proceed, with fingers crossed.

/Users/Moritz/github/regmods_project/MPG-Transmission.md:74: Missing } inserted
.
<inserted text> 
                }
<to be read again> 
                   $
<to be read again> 
                   \par 
l.74 
     
I've inserted something that you may have forgotten.
(See the <inserted text> above.)
With luck, this will get me unwedged. But if you
really didn't forget anything, try typing `2' now; then
my insertion and my current dilemma will both disappear.

/Users/Moritz/github/regmods_project/MPG-Transmission.md:74: Missing } inserted
.
<inserted text> 
                }
<to be read again> 
                   $
<to be read again> 
                   \par 
l.74 
     
I've inserted something that you may have forgotten.
(See the <inserted text> above.)
With luck, this will get me unwedged. But if you
really didn't forget anything, try typing `2' now; then
my insertion and my current dilemma will both disappear.


Overfull \hbox (354.8095pt too wide) in paragraph at lines 73--74
[]\tenrm The mul-ti-lin-ear re-gres-sion that in-cludes weight and horse-power 
as con-founders how-ever does $[]$ |

\hbox(6.94444+3.56108)x469.75499, glue set - 1.0
.\hbox(0.0+0.0)x20.0
.\tenrm T
.\tenrm h
.\tenrm e
.\glue 3.33333 plus 1.66666 minus 1.11111
.etc.

/Users/Moritz/github/regmods_project/MPG-Transmission.md:79: Missing $ inserted
.
<inserted text> 
                $
<to be read again> 
                   \par 
l.79 
     
I've inserted a begin-math/end-math symbol since I think
you left one out. Proceed, with fingers crossed.

/Users/Moritz/github/regmods_project/MPG-Transmission.md:81: You can't use `mac
ro parameter character #' in horizontal mode.
l.81 #
      #   Estimate Std. Error    t value   Pr(>|t|)
Sorry, but I'm not programmed to handle this case;
I'll just pretend that you didn't ask for it.
If you're in the wrong mode, you might be able to
return to the right one by typing `I}' or `I$' or `I\par'.

/Users/Moritz/github/regmods_project/MPG-Transmission.md:81: You can't use `mac
ro parameter character #' in horizontal mode.
l.81 ##
          Estimate Std. Error    t value   Pr(>|t|)
Sorry, but I'm not programmed to handle this case;
I'll just pretend that you didn't ask for it.
If you're in the wrong mode, you might be able to
return to the right one by typing `I}' or `I$' or `I\par'.

/Users/Moritz/github/regmods_project/MPG-Transmission.md:82: You can't use `mac
ro parameter character #' in horizontal mode.
l.82 #
      #     2.0837     1.3764     1.5139     0.1413
Sorry, but I'm not programmed to handle this case;
I'll just pretend that you didn't ask for it.
If you're in the wrong mode, you might be able to
return to the right one by typing `I}' or `I$' or `I\par'.

/Users/Moritz/github/regmods_project/MPG-Transmission.md:82: You can't use `mac
ro parameter character #' in horizontal mode.
l.82 ##
            2.0837     1.3764     1.5139     0.1413
Sorry, but I'm not programmed to handle this case;
I'll just pretend that you didn't ask for it.
If you're in the wrong mode, you might be able to
return to the right one by typing `I}' or `I$' or `I\par'.

/Users/Moritz/github/regmods_project/MPG-Transmission.md:94: Missing $ inserted
.
<inserted text> 
                $
<to be read again> 
                   _
l.94 ... aes(x = wt, y = mpg, color = am)) + geom_
                                                  point() + labs(color = "Tr...
I've inserted a begin-math/end-math symbol since I think
you left one out. Proceed, with fingers crossed.

/Users/Moritz/github/regmods_project/MPG-Transmission.md:97: Missing $ inserted
.
<inserted text> 
                $
<to be read again> 
                   \par 
l.97 
     
I've inserted a begin-math/end-math symbol since I think
you left one out. Proceed, with fingers crossed.

[1{/usr/local/texlive/2013/texmf-var/fonts/map/pdftex/updmap/pdftex.map}])
! Emergency stop.
<*> .../github/regmods_project/MPG-Transmission.md
                                                  
*** (job aborted, no legal \end found)

!  ==> Fatal error occurred, no output PDF file produced!
